Determining if the pthread_create exist failed with the following output:
Change Dir: /home/teamo/lidar-slam/src/lidar-slam/build/CMakeFiles/CMakeTmp

Run Build Command:"/usr/bin/make" "cmTC_89365/fast"
/usr/bin/make -f CMakeFiles/cmTC_89365.dir/build.make CMakeFiles/cmTC_89365.dir/build
make[1]: Entering directory '/home/teamo/lidar-slam/src/lidar-slam/build/CMakeFiles/CMakeTmp'
Building C object CMakeFiles/cmTC_89365.dir/CheckSymbolExists.c.o
/usr/bin/cc    -o CMakeFiles/cmTC_89365.dir/CheckSymbolExists.c.o   -c /home/teamo/lidar-slam/src/lidar-slam/build/CMakeFiles/CMakeTmp/CheckSymbolExists.c
Linking C executable cmTC_89365
/usr/bin/cmake -E cmake_link_script CMakeFiles/cmTC_89365.dir/link.txt --verbose=1
/usr/bin/cc      -rdynamic CMakeFiles/cmTC_89365.dir/CheckSymbolExists.c.o  -o cmTC_89365 
CMakeFiles/cmTC_89365.dir/CheckSymbolExists.c.o: In function `main':
CheckSymbolExists.c:(.text+0x1b): undefined reference to `pthread_create'
collect2: error: ld returned 1 exit status
CMakeFiles/cmTC_89365.dir/build.make:97: recipe for target 'cmTC_89365' failed
make[1]: *** [cmTC_89365] Error 1
make[1]: Leaving directory '/home/teamo/lidar-slam/src/lidar-slam/build/CMakeFiles/CMakeTmp'
Makefile:126: recipe for target 'cmTC_89365/fast' failed
make: *** [cmTC_89365/fast] Error 2

File /home/teamo/lidar-slam/src/lidar-slam/build/CMakeFiles/CMakeTmp/CheckSymbolExists.c:
/* */
#include <pthread.h>

int main(int argc, char** argv)
{
  (void)argv;
#ifndef pthread_create
  return ((int*)(&pthread_create))[argc];
#else
  (void)argc;
  return 0;
#endif
}

Determining if the function pthread_create exists in the pthreads failed with the following output:
Change Dir: /home/teamo/lidar-slam/src/lidar-slam/build/CMakeFiles/CMakeTmp

Run Build Command:"/usr/bin/make" "cmTC_e5bdf/fast"
/usr/bin/make -f CMakeFiles/cmTC_e5bdf.dir/build.make CMakeFiles/cmTC_e5bdf.dir/build
make[1]: Entering directory '/home/teamo/lidar-slam/src/lidar-slam/build/CMakeFiles/CMakeTmp'
Building C object CMakeFiles/cmTC_e5bdf.dir/CheckFunctionExists.c.o
/usr/bin/cc   -DCHECK_FUNCTION_EXISTS=pthread_create   -o CMakeFiles/cmTC_e5bdf.dir/CheckFunctionExists.c.o   -c /usr/share/cmake-3.10/Modules/CheckFunctionExists.c
Linking C executable cmTC_e5bdf
/usr/bin/cmake -E cmake_link_script CMakeFiles/cmTC_e5bdf.dir/link.txt --verbose=1
/usr/bin/cc  -DCHECK_FUNCTION_EXISTS=pthread_create    -rdynamic CMakeFiles/cmTC_e5bdf.dir/CheckFunctionExists.c.o  -o cmTC_e5bdf -lpthreads 
/usr/bin/ld: cannot find -lpthreads
collect2: error: ld returned 1 exit status
CMakeFiles/cmTC_e5bdf.dir/build.make:97: recipe for target 'cmTC_e5bdf' failed
make[1]: *** [cmTC_e5bdf] Error 1
make[1]: Leaving directory '/home/teamo/lidar-slam/src/lidar-slam/build/CMakeFiles/CMakeTmp'
Makefile:126: recipe for target 'cmTC_e5bdf/fast' failed
make: *** [cmTC_e5bdf/fast] Error 2


